
> health-records@0.0.0 dev
> vite --config vite.config.ts --host 0.0.0.0

[2m10:13:24 pm[22m [36m[1m[vite][22m[39m [90m[2m(client)[22m[39m Re-optimizing dependencies because lockfile has changed

  [32m[1mVITE[22m v7.3.2[39m  [2mready in [0m[1m1089[22m[2m[0m ms[22m

  [32m➜[39m  [1mLocal[22m:   [36mhttp://localhost:[1m18091[22m/[39m
  [32m➜[39m  [1mNetwork[22m: [36mhttp://10.12.16.108:[1m18091[22m/[39m
[2m[32m  ➜[39m[22m[2m  press [22m[1mh + enter[22m[2m to show help[22m
[2m10:16:07 pm[22m [36m[1m[vite][22m[39m [90m[2m(client)[22m[39m [32mhmr update [39m[2m/src/pages/ViewRecord.tsx, /src/index.css[22m
[2m10:34:41 pm[22m [36m[1m[vite][22m[39m [90m[2m(client)[22m[39m [32mhmr update [39m[2m/src/pages/ViewRecord.tsx, /src/index.css[22m
[2m10:35:06 pm[22m [36m[1m[vite][22m[39m [90m[2m(client)[22m[39m [32mhmr update [39m[2m/src/pages/PatientDetail.tsx, /src/index.css[22m
[2m10:43:47 pm[22m [36m[1m[vite][22m[39m [90m[2m(client)[22m[39m [32mhmr update [39m[2m/src/pages/ViewRecord.tsx, /src/index.css[22m
[2m10:47:25 pm[22m [36m[1m[vite][22m[39m [90m[2m(client)[22m[39m [32mhmr update [39m[2m/src/pages/ViewRecord.tsx, /src/index.css[22m
[2m11:23:23 pm[22m [36m[1m[vite][22m[39m [90m[2m(client)[22m[39m [32mhmr update [39m[2m/src/pages/Dashboard.tsx, /src/index.css[22m
[2m11:25:20 pm[22m [36m[1m[vite][22m[39m [90m[2m(client)[22m[39m [32mhmr update [39m[2m/src/pages/Dashboard.tsx, /src/index.css[22m
[2m11:27:33 pm[22m [36m[1m[vite][22m[39m [90m[2m(client)[22m[39m [32mhmr update [39m[2m/src/pages/Dashboard.tsx, /src/index.css[22m
[2m11:49:39 pm[22m [36m[1m[vite][22m[39m [90m[2m(client)[22m[39m [32mhmr update [39m[2m/src/pages/ViewRecord.tsx, /src/index.css[22m
[2m11:50:47 pm[22m [36m[1m[vite][22m[39m [90m[2m(client)[22m[39m [32mhmr update [39m[2m/src/pages/PatientDetail.tsx, /src/index.css[22m
[2m12:00:32 am[22m [36m[1m[vite][22m[39m [90m[2m(client)[22m[39m [32mhmr update [39m[2m/src/pages/ViewRecord.tsx, /src/index.css[22m
[2m12:00:40 am[22m [36m[1m[vite][22m[39m [90m[2m(client)[22m[39m [32mhmr update [39m[2m/src/pages/PatientDetail.tsx, /src/index.css[22m
[2m12:33:07 am[22m [36m[1m[vite][22m[39m [90m[2m(client)[22m[39m [32mhmr update [39m[2m/src/pages/PatientDetail.tsx, /src/index.css[22m
[2m12:33:50 am[22m [36m[1m[vite][22m[39m [90m[2m(client)[22m[39m [32mhmr update [39m[2m/src/pages/ViewRecord.tsx, /src/index.css[22m
[2m12:53:12 am[22m [36m[1m[vite][22m[39m [90m[2m(client)[22m[39m [32mhmr update [39m[2m/src/pages/PatientList.tsx, /src/index.css[22m
[2m1:08:00 am[22m [36m[1m[vite][22m[39m [90m[2m(client)[22m[39m [32mhmr update [39m[2m/src/pages/Dashboard.tsx, /src/index.css[22m
[2m1:15:44 am[22m [36m[1m[vite][22m[39m [90m[2m(client)[22m[39m [32mhmr update [39m[2m/src/index.css, /src/pages/DoctorLogin.tsx, /src/pages/FullAccess.tsx, /src/pages/Dashboard.tsx, /src/pages/PatientRequests.tsx, /src/pages/EmergencyView.tsx, /src/pages/ViewRecord.tsx, /src/pages/PatientDetail.tsx, /src/pages/AuthPage.tsx, /src/pages/PatientList.tsx, /src/components/Layout.tsx, /src/pages/RegisterPatient.tsx[22m
[2m1:16:19 am[22m [36m[1m[vite][22m[39m [90m[2m(client)[22m[39m [32mhmr update [39m[2m/src/pages/AuthPage.tsx, /src/index.css[22m
[2m1:16:36 am[22m [36m[1m[vite][22m[39m [90m[2m(client)[22m[39m [32mhmr update [39m[2m/src/components/Layout.tsx, /src/index.css[22m
[2m1:16:46 am[22m [36m[1m[vite][22m[39m [90m[2m(client)[22m[39m [32mhmr update [39m[2m/src/App.tsx, /src/index.css[22m
[2m1:17:07 am[22m [36m[1m[vite][22m[39m [90m[2m(client)[22m[39m [32mhmr update [39m[2m/src/pages/PatientRequests.tsx, /src/index.css[22m
[2m1:22:12 am[22m [36m[1m[vite][22m[39m [90m[2m(client)[22m[39m [32mhmr update [39m[2m/src/pages/PatientRequests.tsx, /src/index.css[22m
[2m1:23:09 am[22m [36m[1m[vite][22m[39m [90m[2m(client)[22m[39m [32mhmr update [39m[2m/src/pages/PatientRequests.tsx, /src/index.css[22m
[2m1:32:18 am[22m [36m[1m[vite][22m[39m [90m[2m(client)[22m[39m [32mhmr update [39m[2m/src/pages/PatientRequests.tsx, /src/index.css[22m
[2m1:32:38 am[22m [36m[1m[vite][22m[39m [90m[2m(client)[22m[39m [32mhmr update [39m[2m/src/pages/PatientRequests.tsx, /src/index.css[22m
[2m1:32:49 am[22m [36m[1m[vite][22m[39m [90m[2m(client)[22m[39m [32mhmr update [39m[2m/src/pages/PatientRequests.tsx, /src/index.css[22m
[2m1:34:40 am[22m [36m[1m[vite][22m[39m [90m[2m(client)[22m[39m [32mhmr update [39m[2m/src/pages/PatientRequests.tsx, /src/index.css[22m
[2m1:41:26 am[22m [36m[1m[vite][22m[39m [90m[2m(client)[22m[39m [32mhmr update [39m[2m/src/pages/ViewRecord.tsx, /src/index.css[22m
[2m1:41:56 am[22m [36m[1m[vite][22m[39m [90m[2m(client)[22m[39m [32mhmr update [39m[2m/src/pages/ViewRecord.tsx, /src/index.css[22m
[2m1:42:14 am[22m [36m[1m[vite][22m[39m [90m[2m(client)[22m[39m [32mhmr update [39m[2m/src/pages/ViewRecord.tsx, /src/index.css[22m
[2m1:43:06 am[22m [36m[1m[vite][22m[39m [90m[2m(client)[22m[39m [32mhmr update [39m[2m/src/pages/ViewRecord.tsx, /src/index.css[22m
[2m1:48:52 am[22m [36m[1m[vite][22m[39m [90m[2m(client)[22m[39m [32mhmr update [39m[2m/src/pages/Chatbot.tsx, /src/index.css[22m
[2m1:49:06 am[22m [36m[1m[vite][22m[39m [90m[2m(client)[22m[39m [32mhmr update [39m[2m/src/pages/Chatbot.tsx, /src/index.css[22m
