[2m10:37:25 pm[22m [31m[1m[vite][22m[39m [31mhttp proxy error: /api/patients/HC-X3HI2P29/records[39m
Error: read ECONNRESET
    at TCP.onStreamRead (node:internal/stream_base_commons:216:20)
[2m10:37:26 pm[22m [31m[1m[vite][22m[39m [31mhttp proxy error: /api/patients/HC-X3HI2P29/records[39m
AggregateError [ECONNREFUSED]: 
    at internalConnectMultiple (node:net:1134:18)
    at afterConnectMultiple (node:net:1715:7)
[2m10:38:17 pm[22m [31m[1m[vite][22m[39m [31mhttp proxy error: /api/patients/HC-X3HI2P29[39m
AggregateError [ECONNREFUSED]: 
    at internalConnectMultiple (node:net:1134:18)
    at afterConnectMultiple (node:net:1715:7)
[2m10:38:17 pm[22m [31m[1m[vite][22m[39m [31mhttp proxy error: /api/patients/HC-X3HI2P29/records[39m
AggregateError [ECONNREFUSED]: 
    at internalConnectMultiple (node:net:1134:18)
    at afterConnectMultiple (node:net:1715:7)
[2m10:38:18 pm[22m [31m[1m[vite][22m[39m [31mhttp proxy error: /api/patients/HC-X3HI2P29[39m
AggregateError [ECONNREFUSED]: 
    at internalConnectMultiple (node:net:1134:18)
    at afterConnectMultiple (node:net:1715:7)
[2m10:38:18 pm[22m [31m[1m[vite][22m[39m [31mhttp proxy error: /api/patients/HC-X3HI2P29/records[39m
AggregateError [ECONNREFUSED]: 
    at internalConnectMultiple (node:net:1134:18)
    at afterConnectMultiple (node:net:1715:7)
[2m10:39:25 pm[22m [31m[1m[vite][22m[39m [31mhttp proxy error: /api/patients/HC-X3HI2P29[39m
AggregateError [ECONNREFUSED]: 
    at internalConnectMultiple (node:net:1134:18)
    at afterConnectMultiple (node:net:1715:7)
[2m10:39:25 pm[22m [31m[1m[vite][22m[39m [31mhttp proxy error: /api/patients/HC-X3HI2P29/records[39m
AggregateError [ECONNREFUSED]: 
    at internalConnectMultiple (node:net:1134:18)
    at afterConnectMultiple (node:net:1715:7)
[2m10:39:27 pm[22m [31m[1m[vite][22m[39m [31mhttp proxy error: /api/patients/HC-X3HI2P29[39m
AggregateError [ECONNREFUSED]: 
    at internalConnectMultiple (node:net:1134:18)
    at afterConnectMultiple (node:net:1715:7)
[2m10:39:27 pm[22m [31m[1m[vite][22m[39m [31mhttp proxy error: /api/patients/HC-X3HI2P29/records[39m
AggregateError [ECONNREFUSED]: 
    at internalConnectMultiple (node:net:1134:18)
    at afterConnectMultiple (node:net:1715:7)
[2m10:39:32 pm[22m [31m[1m[vite][22m[39m [31mhttp proxy error: /api/records/doctor-view/HC-X3HI2P29?doctorId=doctor1[39m
AggregateError [ECONNREFUSED]: 
    at internalConnectMultiple (node:net:1134:18)
    at afterConnectMultiple (node:net:1715:7)
[2m10:39:36 pm[22m [31m[1m[vite][22m[39m [31mhttp proxy error: /api/records/request-access[39m
AggregateError [ECONNREFUSED]: 
    at internalConnectMultiple (node:net:1134:18)
    at afterConnectMultiple (node:net:1715:7)
[2m10:39:42 pm[22m [31m[1m[vite][22m[39m [31mhttp proxy error: /api/records/doctor-view/HC-X3HI2P29?doctorId=doctor1[39m
AggregateError [ECONNREFUSED]: 
    at internalConnectMultiple (node:net:1134:18)
    at afterConnectMultiple (node:net:1715:7)
[2m10:39:44 pm[22m [31m[1m[vite][22m[39m [31mhttp proxy error: /api/records/request-access[39m
AggregateError [ECONNREFUSED]: 
    at internalConnectMultiple (node:net:1134:18)
    at afterConnectMultiple (node:net:1715:7)
[2m10:39:52 pm[22m [31m[1m[vite][22m[39m [31mhttp proxy error: /api/patients/HC-X3HI2P29[39m
AggregateError [ECONNREFUSED]: 
    at internalConnectMultiple (node:net:1134:18)
    at afterConnectMultiple (node:net:1715:7)
[2m10:39:52 pm[22m [31m[1m[vite][22m[39m [31mhttp proxy error: /api/patients/HC-X3HI2P29/records[39m
AggregateError [ECONNREFUSED]: 
    at internalConnectMultiple (node:net:1134:18)
    at afterConnectMultiple (node:net:1715:7)
[2m10:39:53 pm[22m [31m[1m[vite][22m[39m [31mhttp proxy error: /api/patients/HC-X3HI2P29[39m
AggregateError [ECONNREFUSED]: 
    at internalConnectMultiple (node:net:1134:18)
    at afterConnectMultiple (node:net:1715:7)
[2m10:39:53 pm[22m [31m[1m[vite][22m[39m [31mhttp proxy error: /api/patients/HC-X3HI2P29/records[39m
AggregateError [ECONNREFUSED]: 
    at internalConnectMultiple (node:net:1134:18)
    at afterConnectMultiple (node:net:1715:7)
[2m10:40:04 pm[22m [31m[1m[vite][22m[39m [31mhttp proxy error: /api/patients/HC-X3HI2P29[39m
AggregateError [ECONNREFUSED]: 
    at internalConnectMultiple (node:net:1134:18)
    at afterConnectMultiple (node:net:1715:7)
[2m10:40:04 pm[22m [31m[1m[vite][22m[39m [31mhttp proxy error: /api/patients/HC-X3HI2P29/records[39m
AggregateError [ECONNREFUSED]: 
    at internalConnectMultiple (node:net:1134:18)
    at afterConnectMultiple (node:net:1715:7)
[2m10:40:05 pm[22m [31m[1m[vite][22m[39m [31mhttp proxy error: /api/patients/HC-X3HI2P29[39m
AggregateError [ECONNREFUSED]: 
    at internalConnectMultiple (node:net:1134:18)
    at afterConnectMultiple (node:net:1715:7)
[2m10:40:05 pm[22m [31m[1m[vite][22m[39m [31mhttp proxy error: /api/patients/HC-X3HI2P29/records[39m
AggregateError [ECONNREFUSED]: 
    at internalConnectMultiple (node:net:1134:18)
    at afterConnectMultiple (node:net:1715:7)
[2m10:44:31 pm[22m [31m[1m[vite][22m[39m [31mhttp proxy error: /api/patients/HC-X3HI2P29/records[39m
AggregateError [ECONNREFUSED]: 
    at internalConnectMultiple (node:net:1134:18)
    at afterConnectMultiple (node:net:1715:7)
[2m10:44:32 pm[22m [31m[1m[vite][22m[39m [31mhttp proxy error: /api/patients/HC-X3HI2P29/records[39m
AggregateError [ECONNREFUSED]: 
    at internalConnectMultiple (node:net:1134:18)
    at afterConnectMultiple (node:net:1715:7)
[2m10:44:43 pm[22m [31m[1m[vite][22m[39m [31mhttp proxy error: /api/records/request-access[39m
AggregateError [ECONNREFUSED]: 
    at internalConnectMultiple (node:net:1134:18)
    at afterConnectMultiple (node:net:1715:7)
[2m10:44:45 pm[22m [31m[1m[vite][22m[39m [31mhttp proxy error: /api/records/doctor-view/HC-X3HI2P29?doctorId=doctor1[39m
AggregateError [ECONNREFUSED]: 
    at internalConnectMultiple (node:net:1134:18)
    at afterConnectMultiple (node:net:1715:7)
[2m10:44:46 pm[22m [31m[1m[vite][22m[39m [31mhttp proxy error: /api/records/request-access[39m
AggregateError [ECONNREFUSED]: 
    at internalConnectMultiple (node:net:1134:18)
    at afterConnectMultiple (node:net:1715:7)
[2m10:44:55 pm[22m [31m[1m[vite][22m[39m [31mhttp proxy error: /api/patients/HC-X3HI2P29/records[39m
AggregateError [ECONNREFUSED]: 
    at internalConnectMultiple (node:net:1134:18)
    at afterConnectMultiple (node:net:1715:7)
[2m10:44:56 pm[22m [31m[1m[vite][22m[39m [31mhttp proxy error: /api/patients/HC-X3HI2P29/records[39m
AggregateError [ECONNREFUSED]: 
    at internalConnectMultiple (node:net:1134:18)
    at afterConnectMultiple (node:net:1715:7)
[2m10:45:30 pm[22m [31m[1m[vite][22m[39m [31mhttp proxy error: /api/records/request-access[39m
AggregateError [ECONNREFUSED]: 
    at internalConnectMultiple (node:net:1134:18)
    at afterConnectMultiple (node:net:1715:7)
[2m10:45:43 pm[22m [31m[1m[vite][22m[39m [31mhttp proxy error: /api/health[39m
AggregateError [ECONNREFUSED]: 
    at internalConnectMultiple (node:net:1134:18)
    at afterConnectMultiple (node:net:1715:7)
[2m10:47:40 pm[22m [31m[1m[vite][22m[39m [31mhttp proxy error: /api/patients/HC-X3HI2P29/records[39m
Error: read ECONNRESET
    at TCP.onStreamRead (node:internal/stream_base_commons:216:20)
[2m10:47:40 pm[22m [31m[1m[vite][22m[39m [31mhttp proxy error: /api/patients/HC-X3HI2P29/records[39m
Error: read ECONNRESET
    at TCP.onStreamRead (node:internal/stream_base_commons:216:20)
[2m10:47:41 pm[22m [31m[1m[vite][22m[39m [31mhttp proxy error: /api/patients/HC-X3HI2P29/records[39m
AggregateError [ECONNREFUSED]: 
    at internalConnectMultiple (node:net:1134:18)
    at afterConnectMultiple (node:net:1715:7)
[2m10:47:41 pm[22m [31m[1m[vite][22m[39m [31mhttp proxy error: /api/patients/HC-X3HI2P29/records[39m
AggregateError [ECONNREFUSED]: 
    at internalConnectMultiple (node:net:1134:18)
    at afterConnectMultiple (node:net:1715:7)
[2m10:47:43 pm[22m [31m[1m[vite][22m[39m [31mhttp proxy error: /api/patients/HC-X3HI2P29/requests[39m
AggregateError [ECONNREFUSED]: 
    at internalConnectMultiple (node:net:1134:18)
    at afterConnectMultiple (node:net:1715:7)
[2m10:47:45 pm[22m [31m[1m[vite][22m[39m [31mhttp proxy error: /api/patients[39m
AggregateError [ECONNREFUSED]: 
    at internalConnectMultiple (node:net:1134:18)
    at afterConnectMultiple (node:net:1715:7)
[2m10:47:46 pm[22m [31m[1m[vite][22m[39m [31mhttp proxy error: /api/patients[39m
AggregateError [ECONNREFUSED]: 
    at internalConnectMultiple (node:net:1134:18)
    at afterConnectMultiple (node:net:1715:7)
[2m10:47:46 pm[22m [31m[1m[vite][22m[39m [31mhttp proxy error: /api/audit-logs[39m
AggregateError [ECONNREFUSED]: 
    at internalConnectMultiple (node:net:1134:18)
    at afterConnectMultiple (node:net:1715:7)
[2m10:47:47 pm[22m [31m[1m[vite][22m[39m [31mhttp proxy error: /api/audit-logs[39m
AggregateError [ECONNREFUSED]: 
    at internalConnectMultiple (node:net:1134:18)
    at afterConnectMultiple (node:net:1715:7)
[2m10:47:48 pm[22m [31m[1m[vite][22m[39m [31mhttp proxy error: /api/patients/HC-X3HI2P29/records[39m
AggregateError [ECONNREFUSED]: 
    at internalConnectMultiple (node:net:1134:18)
    at afterConnectMultiple (node:net:1715:7)
[2m10:47:49 pm[22m [31m[1m[vite][22m[39m [31mhttp proxy error: /api/patients/HC-X3HI2P29/records[39m
AggregateError [ECONNREFUSED]: 
    at internalConnectMultiple (node:net:1134:18)
    at afterConnectMultiple (node:net:1715:7)
[2m10:47:52 pm[22m [31m[1m[vite][22m[39m [31mhttp proxy error: /api/patients/HC-X3HI2P29/records[39m
AggregateError [ECONNREFUSED]: 
    at internalConnectMultiple (node:net:1134:18)
    at afterConnectMultiple (node:net:1715:7)
[2m10:47:53 pm[22m [31m[1m[vite][22m[39m [31mhttp proxy error: /api/patients/HC-X3HI2P29/records[39m
AggregateError [ECONNREFUSED]: 
    at internalConnectMultiple (node:net:1134:18)
    at afterConnectMultiple (node:net:1715:7)
[2m10:47:56 pm[22m [31m[1m[vite][22m[39m [31mhttp proxy error: /api/records/request-access[39m
AggregateError [ECONNREFUSED]: 
    at internalConnectMultiple (node:net:1134:18)
    at afterConnectMultiple (node:net:1715:7)
[2m10:47:58 pm[22m [31m[1m[vite][22m[39m [31mhttp proxy error: /api/patients/HC-X3HI2P29/records[39m
AggregateError [ECONNREFUSED]: 
    at internalConnectMultiple (node:net:1134:18)
    at afterConnectMultiple (node:net:1715:7)
[2m10:47:58 pm[22m [31m[1m[vite][22m[39m [31mhttp proxy error: /api/patients/HC-X3HI2P29/records[39m
AggregateError [ECONNREFUSED]: 
    at internalConnectMultiple (node:net:1134:18)
    at afterConnectMultiple (node:net:1715:7)
[2m10:47:59 pm[22m [31m[1m[vite][22m[39m [31mhttp proxy error: /api/patients/HC-X3HI2P29/records[39m
AggregateError [ECONNREFUSED]: 
    at internalConnectMultiple (node:net:1134:18)
    at afterConnectMultiple (node:net:1715:7)
[2m10:48:00 pm[22m [31m[1m[vite][22m[39m [31mhttp proxy error: /api/patients/HC-X3HI2P29/records[39m
AggregateError [ECONNREFUSED]: 
    at internalConnectMultiple (node:net:1134:18)
    at afterConnectMultiple (node:net:1715:7)
[2m10:48:00 pm[22m [31m[1m[vite][22m[39m [31mhttp proxy error: /api/patients/HC-X3HI2P29/records[39m
AggregateError [ECONNREFUSED]: 
    at internalConnectMultiple (node:net:1134:18)
    at afterConnectMultiple (node:net:1715:7)
[2m10:48:01 pm[22m [31m[1m[vite][22m[39m [31mhttp proxy error: /api/patients/HC-X3HI2P29/records[39m
AggregateError [ECONNREFUSED]: 
    at internalConnectMultiple (node:net:1134:18)
    at afterConnectMultiple (node:net:1715:7)
[2m10:48:02 pm[22m [31m[1m[vite][22m[39m [31mhttp proxy error: /api/patients/HC-X3HI2P29/qr[39m
AggregateError [ECONNREFUSED]: 
    at internalConnectMultiple (node:net:1134:18)
    at afterConnectMultiple (node:net:1715:7)
[2m10:48:02 pm[22m [31m[1m[vite][22m[39m [31mhttp proxy error: /api/patients/HC-X3HI2P29/records[39m
AggregateError [ECONNREFUSED]: 
    at internalConnectMultiple (node:net:1134:18)
    at afterConnectMultiple (node:net:1715:7)
[2m10:48:03 pm[22m [31m[1m[vite][22m[39m [31mhttp proxy error: /api/patients/HC-X3HI2P29/qr[39m
AggregateError [ECONNREFUSED]: 
    at internalConnectMultiple (node:net:1134:18)
    at afterConnectMultiple (node:net:1715:7)
[2m10:48:03 pm[22m [31m[1m[vite][22m[39m [31mhttp proxy error: /api/patients/HC-X3HI2P29/records[39m
AggregateError [ECONNREFUSED]: 
    at internalConnectMultiple (node:net:1134:18)
    at afterConnectMultiple (node:net:1715:7)
[2m10:48:06 pm[22m [31m[1m[vite][22m[39m [31mhttp proxy error: /api/patients/HC-X3HI2P29/emergency[39m
AggregateError [ECONNREFUSED]: 
    at internalConnectMultiple (node:net:1134:18)
    at afterConnectMultiple (node:net:1715:7)
[2m10:48:07 pm[22m [31m[1m[vite][22m[39m [31mhttp proxy error: /api/patients/HC-X3HI2P29/emergency[39m
AggregateError [ECONNREFUSED]: 
    at internalConnectMultiple (node:net:1134:18)
    at afterConnectMultiple (node:net:1715:7)
[2m10:48:08 pm[22m [31m[1m[vite][22m[39m [31mhttp proxy error: /api/patients/HC-X3HI2P29/qr[39m
AggregateError [ECONNREFUSED]: 
    at internalConnectMultiple (node:net:1134:18)
    at afterConnectMultiple (node:net:1715:7)
[2m10:48:08 pm[22m [31m[1m[vite][22m[39m [31mhttp proxy error: /api/patients/HC-X3HI2P29/records[39m
AggregateError [ECONNREFUSED]: 
    at internalConnectMultiple (node:net:1134:18)
    at afterConnectMultiple (node:net:1715:7)
[2m10:48:09 pm[22m [31m[1m[vite][22m[39m [31mhttp proxy error: /api/patients/HC-X3HI2P29/qr[39m
AggregateError [ECONNREFUSED]: 
    at internalConnectMultiple (node:net:1134:18)
    at afterConnectMultiple (node:net:1715:7)
[2m10:48:09 pm[22m [31m[1m[vite][22m[39m [31mhttp proxy error: /api/patients/HC-X3HI2P29/records[39m
AggregateError [ECONNREFUSED]: 
    at internalConnectMultiple (node:net:1134:18)
    at afterConnectMultiple (node:net:1715:7)
[2m10:48:10 pm[22m [31m[1m[vite][22m[39m [31mhttp proxy error: /api/patients/HC-X3HI2P29[39m
AggregateError [ECONNREFUSED]: 
    at internalConnectMultiple (node:net:1134:18)
    at afterConnectMultiple (node:net:1715:7)
[2m10:48:10 pm[22m [31m[1m[vite][22m[39m [31mhttp proxy error: /api/patients/HC-X3HI2P29/qr[39m
AggregateError [ECONNREFUSED]: 
    at internalConnectMultiple (node:net:1134:18)
    at afterConnectMultiple (node:net:1715:7)
[2m10:48:10 pm[22m [31m[1m[vite][22m[39m [31mhttp proxy error: /api/patients/HC-X3HI2P29/records[39m
AggregateError [ECONNREFUSED]: 
    at internalConnectMultiple (node:net:1134:18)
    at afterConnectMultiple (node:net:1715:7)
[2m10:48:11 pm[22m [31m[1m[vite][22m[39m [31mhttp proxy error: /api/patients/HC-X3HI2P29[39m
AggregateError [ECONNREFUSED]: 
    at internalConnectMultiple (node:net:1134:18)
    at afterConnectMultiple (node:net:1715:7)
[2m10:48:11 pm[22m [31m[1m[vite][22m[39m [31mhttp proxy error: /api/patients/HC-X3HI2P29/qr[39m
AggregateError [ECONNREFUSED]: 
    at internalConnectMultiple (node:net:1134:18)
    at afterConnectMultiple (node:net:1715:7)
[2m10:48:11 pm[22m [31m[1m[vite][22m[39m [31mhttp proxy error: /api/patients/HC-X3HI2P29/records[39m
AggregateError [ECONNREFUSED]: 
    at internalConnectMultiple (node:net:1134:18)
    at afterConnectMultiple (node:net:1715:7)
[2m1:48:52 am[22m [31m[1m[vite][22m[39m [31mInternal server error: D:\Project\Hackathon\Algo-Architects\artifacts\health-records\src\pages\Chatbot.tsx: Nullish coalescing operator(??) requires parens when mixing with logical operators. (57:81)

[0m [90m 55 |[31m   }[33m,[31m [messages])[33m;[31m
 [90m 56 |[31m
[31m[1m>[22m[31m[90m 57 |[31m   [36mconst[31m requestPatientId [33m=[31m isDoctor [33m?[31m [36mnull[31m [33m:[31m fixedPatientId [33m?[31m[33m?[31m selectedPatientId [33m||[31m [36mnull[31m[33m;[31m
 [90m    |[31m                                                                                  [31m[1m^[22m[31m
 [90m 58 |[31m
 [90m 59 |[31m   [36mconst[31m handleSend [33m=[31m [36masync[31m (query[33m?[31m[33m:[31m string) [33m=>[31m {
 [90m 60 |[31m     [36mconst[31m text [33m=[31m query [33m?[31m[33m?[31m input[33m.[31mtrim()[33m;[31m[0m[39m
  Plugin: [35mvite:react-babel[39m
  File: [36mD:/Project/Hackathon/Algo-Architects/artifacts/health-records/src/pages/Chatbot.tsx[39m:57:81
[33m  55 |    }, [messages]);
  56 |  
  57 |    const requestPatientId = isDoctor ? null : fixedPatientId ?? selectedPatientId || null;
     |                                                                                   ^
  58 |  
  59 |    const handleSend = async (query?: string) => {[39m
      at constructor (D:\Project\Hackathon\Algo-Architects\node_modules\@babel\parser\lib\index.js:365:19)
      at TypeScriptParserMixin.raise (D:\Project\Hackathon\Algo-Architects\node_modules\@babel\parser\lib\index.js:6599:19)
      at TypeScriptParserMixin.parseExprOp (D:\Project\Hackathon\Algo-Architects\node_modules\@babel\parser\lib\index.js:10951:22)
      at TypeScriptParserMixin.parseExprOp (D:\Project\Hackathon\Algo-Architects\node_modules\@babel\parser\lib\index.js:9306:18)
      at TypeScriptParserMixin.parseExprOps (D:\Project\Hackathon\Algo-Architects\node_modules\@babel\parser\lib\index.js:10908:17)
      at TypeScriptParserMixin.parseMaybeConditional (D:\Project\Hackathon\Algo-Architects\node_modules\@babel\parser\lib\index.js:10881:23)
      at TypeScriptParserMixin.parseMaybeAssign (D:\Project\Hackathon\Algo-Architects\node_modules\@babel\parser\lib\index.js:10831:21)
      at TypeScriptParserMixin.parseMaybeAssign (D:\Project\Hackathon\Algo-Architects\node_modules\@babel\parser\lib\index.js:9786:20)
      at TypeScriptParserMixin.parseConditional (D:\Project\Hackathon\Algo-Architects\node_modules\@babel\parser\lib\index.js:10893:29)
      at TypeScriptParserMixin.parseConditional (D:\Project\Hackathon\Algo-Architects\node_modules\@babel\parser\lib\index.js:9603:18)
      at TypeScriptParserMixin.parseMaybeConditional (D:\Project\Hackathon\Algo-Architects\node_modules\@babel\parser\lib\index.js:10885:17)
      at TypeScriptParserMixin.parseMaybeAssign (D:\Project\Hackathon\Algo-Architects\node_modules\@babel\parser\lib\index.js:10831:21)
      at TypeScriptParserMixin.parseMaybeAssign (D:\Project\Hackathon\Algo-Architects\node_modules\@babel\parser\lib\index.js:9786:20)
      at D:\Project\Hackathon\Algo-Architects\node_modules\@babel\parser\lib\index.js:10800:39
      at TypeScriptParserMixin.allowInAnd (D:\Project\Hackathon\Algo-Architects\node_modules\@babel\parser\lib\index.js:12421:16)
      at TypeScriptParserMixin.parseMaybeAssignAllowIn (D:\Project\Hackathon\Algo-Architects\node_modules\@babel\parser\lib\index.js:10800:17)
      at TypeScriptParserMixin.parseVar (D:\Project\Hackathon\Algo-Architects\node_modules\@babel\parser\lib\index.js:13384:91)
      at TypeScriptParserMixin.parseVarStatement (D:\Project\Hackathon\Algo-Architects\node_modules\@babel\parser\lib\index.js:13230:10)
      at TypeScriptParserMixin.parseVarStatement (D:\Project\Hackathon\Algo-Architects\node_modules\@babel\parser\lib\index.js:9408:31)
      at TypeScriptParserMixin.parseStatementContent (D:\Project\Hackathon\Algo-Architects\node_modules\@babel\parser\lib\index.js:12851:23)
      at TypeScriptParserMixin.parseStatementContent (D:\Project\Hackathon\Algo-Architects\node_modules\@babel\parser\lib\index.js:9508:18)
      at TypeScriptParserMixin.parseStatementLike (D:\Project\Hackathon\Algo-Architects\node_modules\@babel\parser\lib\index.js:12767:17)
      at TypeScriptParserMixin.parseStatementListItem (D:\Project\Hackathon\Algo-Architects\node_modules\@babel\parser\lib\index.js:12747:17)
      at TypeScriptParserMixin.parseBlockOrModuleBlockBody (D:\Project\Hackathon\Algo-Architects\node_modules\@babel\parser\lib\index.js:13316:61)
      at TypeScriptParserMixin.parseBlockBody (D:\Project\Hackathon\Algo-Architects\node_modules\@babel\parser\lib\index.js:13309:10)
      at TypeScriptParserMixin.parseBlock (D:\Project\Hackathon\Algo-Architects\node_modules\@babel\parser\lib\index.js:13297:10)
      at TypeScriptParserMixin.parseFunctionBody (D:\Project\Hackathon\Algo-Architects\node_modules\@babel\parser\lib\index.js:12100:24)
      at TypeScriptParserMixin.parseFunctionBodyAndFinish (D:\Project\Hackathon\Algo-Architects\node_modules\@babel\parser\lib\index.js:12086:10)
      at TypeScriptParserMixin.parseFunctionBodyAndFinish (D:\Project\Hackathon\Algo-Architects\node_modules\@babel\parser\lib\index.js:9172:18)
      at D:\Project\Hackathon\Algo-Architects\node_modules\@babel\parser\lib\index.js:13445:12
      at TypeScriptParserMixin.withSmartMixTopicForbiddingContext (D:\Project\Hackathon\Algo-Architects\node_modules\@babel\parser\lib\index.js:12403:14)
      at TypeScriptParserMixin.parseFunction (D:\Project\Hackathon\Algo-Architects\node_modules\@babel\parser\lib\index.js:13444:10)
      at TypeScriptParserMixin.parseExportDefaultExpression (D:\Project\Hackathon\Algo-Architects\node_modules\@babel\parser\lib\index.js:13907:19)
      at TypeScriptParserMixin.parseExportDefaultExpression (D:\Project\Hackathon\Algo-Architects\node_modules\@babel\parser\lib\index.js:9402:18)
      at TypeScriptParserMixin.parseExport (D:\Project\Hackathon\Algo-Architects\node_modules\@babel\parser\lib\index.js:13828:25)
      at TypeScriptParserMixin.parseExport (D:\Project\Hackathon\Algo-Architects\node_modules\@babel\parser\lib\index.js:9385:20)
      at TypeScriptParserMixin.parseStatementContent (D:\Project\Hackathon\Algo-Architects\node_modules\@babel\parser\lib\index.js:12878:27)
      at TypeScriptParserMixin.parseStatementContent (D:\Project\Hackathon\Algo-Architects\node_modules\@babel\parser\lib\index.js:9508:18)
      at TypeScriptParserMixin.parseStatementLike (D:\Project\Hackathon\Algo-Architects\node_modules\@babel\parser\lib\index.js:12767:17)
      at TypeScriptParserMixin.parseModuleItem (D:\Project\Hackathon\Algo-Architects\node_modules\@babel\parser\lib\index.js:12744:17)
      at TypeScriptParserMixin.parseBlockOrModuleBlockBody (D:\Project\Hackathon\Algo-Architects\node_modules\@babel\parser\lib\index.js:13316:36)
      at TypeScriptParserMixin.parseBlockBody (D:\Project\Hackathon\Algo-Architects\node_modules\@babel\parser\lib\index.js:13309:10)
      at TypeScriptParserMixin.parseProgram (D:\Project\Hackathon\Algo-Architects\node_modules\@babel\parser\lib\index.js:12622:10)
      at TypeScriptParserMixin.parseTopLevel (D:\Project\Hackathon\Algo-Architects\node_modules\@babel\parser\lib\index.js:12612:25)
      at TypeScriptParserMixin.parse (D:\Project\Hackathon\Algo-Architects\node_modules\@babel\parser\lib\index.js:14488:25)
      at TypeScriptParserMixin.parse (D:\Project\Hackathon\Algo-Architects\node_modules\@babel\parser\lib\index.js:10126:18)
      at parse (D:\Project\Hackathon\Algo-Architects\node_modules\@babel\parser\lib\index.js:14522:38)
      at parser (D:\Project\Hackathon\Algo-Architects\node_modules\@babel\core\lib\parser\index.js:41:34)
      at parser.next (<anonymous>)
      at normalizeFile (D:\Project\Hackathon\Algo-Architects\node_modules\@babel\core\lib\transformation\normalize-file.js:64:37)
[2m1:48:52 am[22m [31m[1m[vite][22m[39m [31mInternal server error: D:\Project\Hackathon\Algo-Architects\artifacts\health-records\src\pages\Chatbot.tsx: Nullish coalescing operator(??) requires parens when mixing with logical operators. (57:81)

[0m [90m 55 |[31m   }[33m,[31m [messages])[33m;[31m
 [90m 56 |[31m
[31m[1m>[22m[31m[90m 57 |[31m   [36mconst[31m requestPatientId [33m=[31m isDoctor [33m?[31m [36mnull[31m [33m:[31m fixedPatientId [33m?[31m[33m?[31m selectedPatientId [33m||[31m [36mnull[31m[33m;[31m
 [90m    |[31m                                                                                  [31m[1m^[22m[31m
 [90m 58 |[31m
 [90m 59 |[31m   [36mconst[31m handleSend [33m=[31m [36masync[31m (query[33m?[31m[33m:[31m string) [33m=>[31m {
 [90m 60 |[31m     [36mconst[31m text [33m=[31m query [33m?[31m[33m?[31m input[33m.[31mtrim()[33m;[31m[0m[39m
  Plugin: [35mvite:react-babel[39m
  File: [36mD:/Project/Hackathon/Algo-Architects/artifacts/health-records/src/pages/Chatbot.tsx[39m:57:81
[33m  55 |    }, [messages]);
  56 |  
  57 |    const requestPatientId = isDoctor ? null : fixedPatientId ?? selectedPatientId || null;
     |                                                                                   ^
  58 |  
  59 |    const handleSend = async (query?: string) => {[39m
      at constructor (D:\Project\Hackathon\Algo-Architects\node_modules\@babel\parser\lib\index.js:365:19)
      at TypeScriptParserMixin.raise (D:\Project\Hackathon\Algo-Architects\node_modules\@babel\parser\lib\index.js:6599:19)
      at TypeScriptParserMixin.parseExprOp (D:\Project\Hackathon\Algo-Architects\node_modules\@babel\parser\lib\index.js:10951:22)
      at TypeScriptParserMixin.parseExprOp (D:\Project\Hackathon\Algo-Architects\node_modules\@babel\parser\lib\index.js:9306:18)
      at TypeScriptParserMixin.parseExprOps (D:\Project\Hackathon\Algo-Architects\node_modules\@babel\parser\lib\index.js:10908:17)
      at TypeScriptParserMixin.parseMaybeConditional (D:\Project\Hackathon\Algo-Architects\node_modules\@babel\parser\lib\index.js:10881:23)
      at TypeScriptParserMixin.parseMaybeAssign (D:\Project\Hackathon\Algo-Architects\node_modules\@babel\parser\lib\index.js:10831:21)
      at TypeScriptParserMixin.parseMaybeAssign (D:\Project\Hackathon\Algo-Architects\node_modules\@babel\parser\lib\index.js:9786:20)
      at TypeScriptParserMixin.parseConditional (D:\Project\Hackathon\Algo-Architects\node_modules\@babel\parser\lib\index.js:10893:29)
      at TypeScriptParserMixin.parseConditional (D:\Project\Hackathon\Algo-Architects\node_modules\@babel\parser\lib\index.js:9603:18)
      at TypeScriptParserMixin.parseMaybeConditional (D:\Project\Hackathon\Algo-Architects\node_modules\@babel\parser\lib\index.js:10885:17)
      at TypeScriptParserMixin.parseMaybeAssign (D:\Project\Hackathon\Algo-Architects\node_modules\@babel\parser\lib\index.js:10831:21)
      at TypeScriptParserMixin.parseMaybeAssign (D:\Project\Hackathon\Algo-Architects\node_modules\@babel\parser\lib\index.js:9786:20)
      at D:\Project\Hackathon\Algo-Architects\node_modules\@babel\parser\lib\index.js:10800:39
      at TypeScriptParserMixin.allowInAnd (D:\Project\Hackathon\Algo-Architects\node_modules\@babel\parser\lib\index.js:12421:16)
      at TypeScriptParserMixin.parseMaybeAssignAllowIn (D:\Project\Hackathon\Algo-Architects\node_modules\@babel\parser\lib\index.js:10800:17)
      at TypeScriptParserMixin.parseVar (D:\Project\Hackathon\Algo-Architects\node_modules\@babel\parser\lib\index.js:13384:91)
      at TypeScriptParserMixin.parseVarStatement (D:\Project\Hackathon\Algo-Architects\node_modules\@babel\parser\lib\index.js:13230:10)
      at TypeScriptParserMixin.parseVarStatement (D:\Project\Hackathon\Algo-Architects\node_modules\@babel\parser\lib\index.js:9408:31)
      at TypeScriptParserMixin.parseStatementContent (D:\Project\Hackathon\Algo-Architects\node_modules\@babel\parser\lib\index.js:12851:23)
      at TypeScriptParserMixin.parseStatementContent (D:\Project\Hackathon\Algo-Architects\node_modules\@babel\parser\lib\index.js:9508:18)
      at TypeScriptParserMixin.parseStatementLike (D:\Project\Hackathon\Algo-Architects\node_modules\@babel\parser\lib\index.js:12767:17)
      at TypeScriptParserMixin.parseStatementListItem (D:\Project\Hackathon\Algo-Architects\node_modules\@babel\parser\lib\index.js:12747:17)
      at TypeScriptParserMixin.parseBlockOrModuleBlockBody (D:\Project\Hackathon\Algo-Architects\node_modules\@babel\parser\lib\index.js:13316:61)
      at TypeScriptParserMixin.parseBlockBody (D:\Project\Hackathon\Algo-Architects\node_modules\@babel\parser\lib\index.js:13309:10)
      at TypeScriptParserMixin.parseBlock (D:\Project\Hackathon\Algo-Architects\node_modules\@babel\parser\lib\index.js:13297:10)
      at TypeScriptParserMixin.parseFunctionBody (D:\Project\Hackathon\Algo-Architects\node_modules\@babel\parser\lib\index.js:12100:24)
      at TypeScriptParserMixin.parseFunctionBodyAndFinish (D:\Project\Hackathon\Algo-Architects\node_modules\@babel\parser\lib\index.js:12086:10)
      at TypeScriptParserMixin.parseFunctionBodyAndFinish (D:\Project\Hackathon\Algo-Architects\node_modules\@babel\parser\lib\index.js:9172:18)
      at D:\Project\Hackathon\Algo-Architects\node_modules\@babel\parser\lib\index.js:13445:12
      at TypeScriptParserMixin.withSmartMixTopicForbiddingContext (D:\Project\Hackathon\Algo-Architects\node_modules\@babel\parser\lib\index.js:12403:14)
      at TypeScriptParserMixin.parseFunction (D:\Project\Hackathon\Algo-Architects\node_modules\@babel\parser\lib\index.js:13444:10)
      at TypeScriptParserMixin.parseExportDefaultExpression (D:\Project\Hackathon\Algo-Architects\node_modules\@babel\parser\lib\index.js:13907:19)
      at TypeScriptParserMixin.parseExportDefaultExpression (D:\Project\Hackathon\Algo-Architects\node_modules\@babel\parser\lib\index.js:9402:18)
      at TypeScriptParserMixin.parseExport (D:\Project\Hackathon\Algo-Architects\node_modules\@babel\parser\lib\index.js:13828:25)
      at TypeScriptParserMixin.parseExport (D:\Project\Hackathon\Algo-Architects\node_modules\@babel\parser\lib\index.js:9385:20)
      at TypeScriptParserMixin.parseStatementContent (D:\Project\Hackathon\Algo-Architects\node_modules\@babel\parser\lib\index.js:12878:27)
      at TypeScriptParserMixin.parseStatementContent (D:\Project\Hackathon\Algo-Architects\node_modules\@babel\parser\lib\index.js:9508:18)
      at TypeScriptParserMixin.parseStatementLike (D:\Project\Hackathon\Algo-Architects\node_modules\@babel\parser\lib\index.js:12767:17)
      at TypeScriptParserMixin.parseModuleItem (D:\Project\Hackathon\Algo-Architects\node_modules\@babel\parser\lib\index.js:12744:17)
      at TypeScriptParserMixin.parseBlockOrModuleBlockBody (D:\Project\Hackathon\Algo-Architects\node_modules\@babel\parser\lib\index.js:13316:36)
      at TypeScriptParserMixin.parseBlockBody (D:\Project\Hackathon\Algo-Architects\node_modules\@babel\parser\lib\index.js:13309:10)
      at TypeScriptParserMixin.parseProgram (D:\Project\Hackathon\Algo-Architects\node_modules\@babel\parser\lib\index.js:12622:10)
      at TypeScriptParserMixin.parseTopLevel (D:\Project\Hackathon\Algo-Architects\node_modules\@babel\parser\lib\index.js:12612:25)
      at TypeScriptParserMixin.parse (D:\Project\Hackathon\Algo-Architects\node_modules\@babel\parser\lib\index.js:14488:25)
      at TypeScriptParserMixin.parse (D:\Project\Hackathon\Algo-Architects\node_modules\@babel\parser\lib\index.js:10126:18)
      at parse (D:\Project\Hackathon\Algo-Architects\node_modules\@babel\parser\lib\index.js:14522:38)
      at parser (D:\Project\Hackathon\Algo-Architects\node_modules\@babel\core\lib\parser\index.js:41:34)
      at parser.next (<anonymous>)
      at normalizeFile (D:\Project\Hackathon\Algo-Architects\node_modules\@babel\core\lib\transformation\normalize-file.js:64:37)
[2m1:48:52 am[22m [31m[1m[vite][22m[39m [31mInternal server error: D:\Project\Hackathon\Algo-Architects\artifacts\health-records\src\pages\Chatbot.tsx: Nullish coalescing operator(??) requires parens when mixing with logical operators. (57:81)

[0m [90m 55 |[31m   }[33m,[31m [messages])[33m;[31m
 [90m 56 |[31m
[31m[1m>[22m[31m[90m 57 |[31m   [36mconst[31m requestPatientId [33m=[31m isDoctor [33m?[31m [36mnull[31m [33m:[31m fixedPatientId [33m?[31m[33m?[31m selectedPatientId [33m||[31m [36mnull[31m[33m;[31m
 [90m    |[31m                                                                                  [31m[1m^[22m[31m
 [90m 58 |[31m
 [90m 59 |[31m   [36mconst[31m handleSend [33m=[31m [36masync[31m (query[33m?[31m[33m:[31m string) [33m=>[31m {
 [90m 60 |[31m     [36mconst[31m text [33m=[31m query [33m?[31m[33m?[31m input[33m.[31mtrim()[33m;[31m[0m[39m
  Plugin: [35mvite:react-babel[39m
  File: [36mD:/Project/Hackathon/Algo-Architects/artifacts/health-records/src/pages/Chatbot.tsx[39m:57:81
[33m  55 |    }, [messages]);
  56 |  
  57 |    const requestPatientId = isDoctor ? null : fixedPatientId ?? selectedPatientId || null;
     |                                                                                   ^
  58 |  
  59 |    const handleSend = async (query?: string) => {[39m
      at constructor (D:\Project\Hackathon\Algo-Architects\node_modules\@babel\parser\lib\index.js:365:19)
      at TypeScriptParserMixin.raise (D:\Project\Hackathon\Algo-Architects\node_modules\@babel\parser\lib\index.js:6599:19)
      at TypeScriptParserMixin.parseExprOp (D:\Project\Hackathon\Algo-Architects\node_modules\@babel\parser\lib\index.js:10951:22)
      at TypeScriptParserMixin.parseExprOp (D:\Project\Hackathon\Algo-Architects\node_modules\@babel\parser\lib\index.js:9306:18)
      at TypeScriptParserMixin.parseExprOps (D:\Project\Hackathon\Algo-Architects\node_modules\@babel\parser\lib\index.js:10908:17)
      at TypeScriptParserMixin.parseMaybeConditional (D:\Project\Hackathon\Algo-Architects\node_modules\@babel\parser\lib\index.js:10881:23)
      at TypeScriptParserMixin.parseMaybeAssign (D:\Project\Hackathon\Algo-Architects\node_modules\@babel\parser\lib\index.js:10831:21)
      at TypeScriptParserMixin.parseMaybeAssign (D:\Project\Hackathon\Algo-Architects\node_modules\@babel\parser\lib\index.js:9786:20)
      at TypeScriptParserMixin.parseConditional (D:\Project\Hackathon\Algo-Architects\node_modules\@babel\parser\lib\index.js:10893:29)
      at TypeScriptParserMixin.parseConditional (D:\Project\Hackathon\Algo-Architects\node_modules\@babel\parser\lib\index.js:9603:18)
      at TypeScriptParserMixin.parseMaybeConditional (D:\Project\Hackathon\Algo-Architects\node_modules\@babel\parser\lib\index.js:10885:17)
      at TypeScriptParserMixin.parseMaybeAssign (D:\Project\Hackathon\Algo-Architects\node_modules\@babel\parser\lib\index.js:10831:21)
      at TypeScriptParserMixin.parseMaybeAssign (D:\Project\Hackathon\Algo-Architects\node_modules\@babel\parser\lib\index.js:9786:20)
      at D:\Project\Hackathon\Algo-Architects\node_modules\@babel\parser\lib\index.js:10800:39
      at TypeScriptParserMixin.allowInAnd (D:\Project\Hackathon\Algo-Architects\node_modules\@babel\parser\lib\index.js:12421:16)
      at TypeScriptParserMixin.parseMaybeAssignAllowIn (D:\Project\Hackathon\Algo-Architects\node_modules\@babel\parser\lib\index.js:10800:17)
      at TypeScriptParserMixin.parseVar (D:\Project\Hackathon\Algo-Architects\node_modules\@babel\parser\lib\index.js:13384:91)
      at TypeScriptParserMixin.parseVarStatement (D:\Project\Hackathon\Algo-Architects\node_modules\@babel\parser\lib\index.js:13230:10)
      at TypeScriptParserMixin.parseVarStatement (D:\Project\Hackathon\Algo-Architects\node_modules\@babel\parser\lib\index.js:9408:31)
      at TypeScriptParserMixin.parseStatementContent (D:\Project\Hackathon\Algo-Architects\node_modules\@babel\parser\lib\index.js:12851:23)
      at TypeScriptParserMixin.parseStatementContent (D:\Project\Hackathon\Algo-Architects\node_modules\@babel\parser\lib\index.js:9508:18)
      at TypeScriptParserMixin.parseStatementLike (D:\Project\Hackathon\Algo-Architects\node_modules\@babel\parser\lib\index.js:12767:17)
      at TypeScriptParserMixin.parseStatementListItem (D:\Project\Hackathon\Algo-Architects\node_modules\@babel\parser\lib\index.js:12747:17)
      at TypeScriptParserMixin.parseBlockOrModuleBlockBody (D:\Project\Hackathon\Algo-Architects\node_modules\@babel\parser\lib\index.js:13316:61)
      at TypeScriptParserMixin.parseBlockBody (D:\Project\Hackathon\Algo-Architects\node_modules\@babel\parser\lib\index.js:13309:10)
      at TypeScriptParserMixin.parseBlock (D:\Project\Hackathon\Algo-Architects\node_modules\@babel\parser\lib\index.js:13297:10)
      at TypeScriptParserMixin.parseFunctionBody (D:\Project\Hackathon\Algo-Architects\node_modules\@babel\parser\lib\index.js:12100:24)
      at TypeScriptParserMixin.parseFunctionBodyAndFinish (D:\Project\Hackathon\Algo-Architects\node_modules\@babel\parser\lib\index.js:12086:10)
      at TypeScriptParserMixin.parseFunctionBodyAndFinish (D:\Project\Hackathon\Algo-Architects\node_modules\@babel\parser\lib\index.js:9172:18)
      at D:\Project\Hackathon\Algo-Architects\node_modules\@babel\parser\lib\index.js:13445:12
      at TypeScriptParserMixin.withSmartMixTopicForbiddingContext (D:\Project\Hackathon\Algo-Architects\node_modules\@babel\parser\lib\index.js:12403:14)
      at TypeScriptParserMixin.parseFunction (D:\Project\Hackathon\Algo-Architects\node_modules\@babel\parser\lib\index.js:13444:10)
      at TypeScriptParserMixin.parseExportDefaultExpression (D:\Project\Hackathon\Algo-Architects\node_modules\@babel\parser\lib\index.js:13907:19)
      at TypeScriptParserMixin.parseExportDefaultExpression (D:\Project\Hackathon\Algo-Architects\node_modules\@babel\parser\lib\index.js:9402:18)
      at TypeScriptParserMixin.parseExport (D:\Project\Hackathon\Algo-Architects\node_modules\@babel\parser\lib\index.js:13828:25)
      at TypeScriptParserMixin.parseExport (D:\Project\Hackathon\Algo-Architects\node_modules\@babel\parser\lib\index.js:9385:20)
      at TypeScriptParserMixin.parseStatementContent (D:\Project\Hackathon\Algo-Architects\node_modules\@babel\parser\lib\index.js:12878:27)
      at TypeScriptParserMixin.parseStatementContent (D:\Project\Hackathon\Algo-Architects\node_modules\@babel\parser\lib\index.js:9508:18)
      at TypeScriptParserMixin.parseStatementLike (D:\Project\Hackathon\Algo-Architects\node_modules\@babel\parser\lib\index.js:12767:17)
      at TypeScriptParserMixin.parseModuleItem (D:\Project\Hackathon\Algo-Architects\node_modules\@babel\parser\lib\index.js:12744:17)
      at TypeScriptParserMixin.parseBlockOrModuleBlockBody (D:\Project\Hackathon\Algo-Architects\node_modules\@babel\parser\lib\index.js:13316:36)
      at TypeScriptParserMixin.parseBlockBody (D:\Project\Hackathon\Algo-Architects\node_modules\@babel\parser\lib\index.js:13309:10)
      at TypeScriptParserMixin.parseProgram (D:\Project\Hackathon\Algo-Architects\node_modules\@babel\parser\lib\index.js:12622:10)
      at TypeScriptParserMixin.parseTopLevel (D:\Project\Hackathon\Algo-Architects\node_modules\@babel\parser\lib\index.js:12612:25)
      at TypeScriptParserMixin.parse (D:\Project\Hackathon\Algo-Architects\node_modules\@babel\parser\lib\index.js:14488:25)
      at TypeScriptParserMixin.parse (D:\Project\Hackathon\Algo-Architects\node_modules\@babel\parser\lib\index.js:10126:18)
      at parse (D:\Project\Hackathon\Algo-Architects\node_modules\@babel\parser\lib\index.js:14522:38)
      at parser (D:\Project\Hackathon\Algo-Architects\node_modules\@babel\core\lib\parser\index.js:41:34)
      at parser.next (<anonymous>)
      at normalizeFile (D:\Project\Hackathon\Algo-Architects\node_modules\@babel\core\lib\transformation\normalize-file.js:64:37)
[2m1:48:52 am[22m [31m[1m[vite][22m[39m [31mInternal server error: D:\Project\Hackathon\Algo-Architects\artifacts\health-records\src\pages\Chatbot.tsx: Nullish coalescing operator(??) requires parens when mixing with logical operators. (57:81)

[0m [90m 55 |[31m   }[33m,[31m [messages])[33m;[31m
 [90m 56 |[31m
[31m[1m>[22m[31m[90m 57 |[31m   [36mconst[31m requestPatientId [33m=[31m isDoctor [33m?[31m [36mnull[31m [33m:[31m fixedPatientId [33m?[31m[33m?[31m selectedPatientId [33m||[31m [36mnull[31m[33m;[31m
 [90m    |[31m                                                                                  [31m[1m^[22m[31m
 [90m 58 |[31m
 [90m 59 |[31m   [36mconst[31m handleSend [33m=[31m [36masync[31m (query[33m?[31m[33m:[31m string) [33m=>[31m {
 [90m 60 |[31m     [36mconst[31m text [33m=[31m query [33m?[31m[33m?[31m input[33m.[31mtrim()[33m;[31m[0m[39m
  Plugin: [35mvite:react-babel[39m
  File: [36mD:/Project/Hackathon/Algo-Architects/artifacts/health-records/src/pages/Chatbot.tsx[39m:57:81
[33m  55 |    }, [messages]);
  56 |  
  57 |    const requestPatientId = isDoctor ? null : fixedPatientId ?? selectedPatientId || null;
     |                                                                                   ^
  58 |  
  59 |    const handleSend = async (query?: string) => {[39m
      at constructor (D:\Project\Hackathon\Algo-Architects\node_modules\@babel\parser\lib\index.js:365:19)
      at TypeScriptParserMixin.raise (D:\Project\Hackathon\Algo-Architects\node_modules\@babel\parser\lib\index.js:6599:19)
      at TypeScriptParserMixin.parseExprOp (D:\Project\Hackathon\Algo-Architects\node_modules\@babel\parser\lib\index.js:10951:22)
      at TypeScriptParserMixin.parseExprOp (D:\Project\Hackathon\Algo-Architects\node_modules\@babel\parser\lib\index.js:9306:18)
      at TypeScriptParserMixin.parseExprOps (D:\Project\Hackathon\Algo-Architects\node_modules\@babel\parser\lib\index.js:10908:17)
      at TypeScriptParserMixin.parseMaybeConditional (D:\Project\Hackathon\Algo-Architects\node_modules\@babel\parser\lib\index.js:10881:23)
      at TypeScriptParserMixin.parseMaybeAssign (D:\Project\Hackathon\Algo-Architects\node_modules\@babel\parser\lib\index.js:10831:21)
      at TypeScriptParserMixin.parseMaybeAssign (D:\Project\Hackathon\Algo-Architects\node_modules\@babel\parser\lib\index.js:9786:20)
      at TypeScriptParserMixin.parseConditional (D:\Project\Hackathon\Algo-Architects\node_modules\@babel\parser\lib\index.js:10893:29)
      at TypeScriptParserMixin.parseConditional (D:\Project\Hackathon\Algo-Architects\node_modules\@babel\parser\lib\index.js:9603:18)
      at TypeScriptParserMixin.parseMaybeConditional (D:\Project\Hackathon\Algo-Architects\node_modules\@babel\parser\lib\index.js:10885:17)
      at TypeScriptParserMixin.parseMaybeAssign (D:\Project\Hackathon\Algo-Architects\node_modules\@babel\parser\lib\index.js:10831:21)
      at TypeScriptParserMixin.parseMaybeAssign (D:\Project\Hackathon\Algo-Architects\node_modules\@babel\parser\lib\index.js:9786:20)
      at D:\Project\Hackathon\Algo-Architects\node_modules\@babel\parser\lib\index.js:10800:39
      at TypeScriptParserMixin.allowInAnd (D:\Project\Hackathon\Algo-Architects\node_modules\@babel\parser\lib\index.js:12421:16)
      at TypeScriptParserMixin.parseMaybeAssignAllowIn (D:\Project\Hackathon\Algo-Architects\node_modules\@babel\parser\lib\index.js:10800:17)
      at TypeScriptParserMixin.parseVar (D:\Project\Hackathon\Algo-Architects\node_modules\@babel\parser\lib\index.js:13384:91)
      at TypeScriptParserMixin.parseVarStatement (D:\Project\Hackathon\Algo-Architects\node_modules\@babel\parser\lib\index.js:13230:10)
      at TypeScriptParserMixin.parseVarStatement (D:\Project\Hackathon\Algo-Architects\node_modules\@babel\parser\lib\index.js:9408:31)
      at TypeScriptParserMixin.parseStatementContent (D:\Project\Hackathon\Algo-Architects\node_modules\@babel\parser\lib\index.js:12851:23)
      at TypeScriptParserMixin.parseStatementContent (D:\Project\Hackathon\Algo-Architects\node_modules\@babel\parser\lib\index.js:9508:18)
      at TypeScriptParserMixin.parseStatementLike (D:\Project\Hackathon\Algo-Architects\node_modules\@babel\parser\lib\index.js:12767:17)
      at TypeScriptParserMixin.parseStatementListItem (D:\Project\Hackathon\Algo-Architects\node_modules\@babel\parser\lib\index.js:12747:17)
      at TypeScriptParserMixin.parseBlockOrModuleBlockBody (D:\Project\Hackathon\Algo-Architects\node_modules\@babel\parser\lib\index.js:13316:61)
      at TypeScriptParserMixin.parseBlockBody (D:\Project\Hackathon\Algo-Architects\node_modules\@babel\parser\lib\index.js:13309:10)
      at TypeScriptParserMixin.parseBlock (D:\Project\Hackathon\Algo-Architects\node_modules\@babel\parser\lib\index.js:13297:10)
      at TypeScriptParserMixin.parseFunctionBody (D:\Project\Hackathon\Algo-Architects\node_modules\@babel\parser\lib\index.js:12100:24)
      at TypeScriptParserMixin.parseFunctionBodyAndFinish (D:\Project\Hackathon\Algo-Architects\node_modules\@babel\parser\lib\index.js:12086:10)
      at TypeScriptParserMixin.parseFunctionBodyAndFinish (D:\Project\Hackathon\Algo-Architects\node_modules\@babel\parser\lib\index.js:9172:18)
      at D:\Project\Hackathon\Algo-Architects\node_modules\@babel\parser\lib\index.js:13445:12
      at TypeScriptParserMixin.withSmartMixTopicForbiddingContext (D:\Project\Hackathon\Algo-Architects\node_modules\@babel\parser\lib\index.js:12403:14)
      at TypeScriptParserMixin.parseFunction (D:\Project\Hackathon\Algo-Architects\node_modules\@babel\parser\lib\index.js:13444:10)
      at TypeScriptParserMixin.parseExportDefaultExpression (D:\Project\Hackathon\Algo-Architects\node_modules\@babel\parser\lib\index.js:13907:19)
      at TypeScriptParserMixin.parseExportDefaultExpression (D:\Project\Hackathon\Algo-Architects\node_modules\@babel\parser\lib\index.js:9402:18)
      at TypeScriptParserMixin.parseExport (D:\Project\Hackathon\Algo-Architects\node_modules\@babel\parser\lib\index.js:13828:25)
      at TypeScriptParserMixin.parseExport (D:\Project\Hackathon\Algo-Architects\node_modules\@babel\parser\lib\index.js:9385:20)
      at TypeScriptParserMixin.parseStatementContent (D:\Project\Hackathon\Algo-Architects\node_modules\@babel\parser\lib\index.js:12878:27)
      at TypeScriptParserMixin.parseStatementContent (D:\Project\Hackathon\Algo-Architects\node_modules\@babel\parser\lib\index.js:9508:18)
      at TypeScriptParserMixin.parseStatementLike (D:\Project\Hackathon\Algo-Architects\node_modules\@babel\parser\lib\index.js:12767:17)
      at TypeScriptParserMixin.parseModuleItem (D:\Project\Hackathon\Algo-Architects\node_modules\@babel\parser\lib\index.js:12744:17)
      at TypeScriptParserMixin.parseBlockOrModuleBlockBody (D:\Project\Hackathon\Algo-Architects\node_modules\@babel\parser\lib\index.js:13316:36)
      at TypeScriptParserMixin.parseBlockBody (D:\Project\Hackathon\Algo-Architects\node_modules\@babel\parser\lib\index.js:13309:10)
      at TypeScriptParserMixin.parseProgram (D:\Project\Hackathon\Algo-Architects\node_modules\@babel\parser\lib\index.js:12622:10)
      at TypeScriptParserMixin.parseTopLevel (D:\Project\Hackathon\Algo-Architects\node_modules\@babel\parser\lib\index.js:12612:25)
      at TypeScriptParserMixin.parse (D:\Project\Hackathon\Algo-Architects\node_modules\@babel\parser\lib\index.js:14488:25)
      at TypeScriptParserMixin.parse (D:\Project\Hackathon\Algo-Architects\node_modules\@babel\parser\lib\index.js:10126:18)
      at parse (D:\Project\Hackathon\Algo-Architects\node_modules\@babel\parser\lib\index.js:14522:38)
      at parser (D:\Project\Hackathon\Algo-Architects\node_modules\@babel\core\lib\parser\index.js:41:34)
      at parser.next (<anonymous>)
      at normalizeFile (D:\Project\Hackathon\Algo-Architects\node_modules\@babel\core\lib\transformation\normalize-file.js:64:37)
